{"/Users/ibidaporasheed/Documents/send-it-react/src/components/footer/Footer.jsx": {"path":"/Users/ibidaporasheed/Documents/send-it-react/src/components/footer/Footer.jsx","statementMap":{"0":{"start":{"line":5,"column":15},"end":{"line":23,"column":1}},"1":{"start":{"line":6,"column":2},"end":{"line":22,"column":11}}},"fnMap":{"0":{"name":"(anonymous_0)","decl":{"start":{"line":5,"column":15},"end":{"line":5,"column":16}},"loc":{"start":{"line":6,"column":2},"end":{"line":22,"column":11}},"line":6}},"branchMap":{},"s":{"0":1,"1":1},"f":{"0":1},"b":{},"_coverageSchema":"43e27e138ebf9cfc5966b082cf9a028302ed4184","hash":"b740bc1ec51d60c962723c0ab499c66c8a7bf3ab"}
,"/Users/ibidaporasheed/Documents/send-it-react/src/components/header/Header.jsx": {"path":"/Users/ibidaporasheed/Documents/send-it-react/src/components/header/Header.jsx","statementMap":{"0":{"start":{"line":15,"column":23},"end":{"line":15,"column":84}},"1":{"start":{"line":15,"column":53},"end":{"line":15,"column":82}},"2":{"start":{"line":17,"column":52},"end":{"line":17,"column":56}},"3":{"start":{"line":18,"column":4},"end":{"line":18,"column":19}},"4":{"start":{"line":19,"column":4},"end":{"line":19,"column":17}},"5":{"start":{"line":23,"column":85},"end":{"line":23,"column":89}},"6":{"start":{"line":25,"column":4},"end":{"line":60,"column":6}},"7":{"start":{"line":64,"column":0},"end":{"line":68,"column":1}},"8":{"start":{"line":70,"column":24},"end":{"line":70,"column":70}},"9":{"start":{"line":70,"column":55},"end":{"line":70,"column":69}},"10":{"start":{"line":71,"column":28},"end":{"line":71,"column":56}}},"fnMap":{"0":{"name":"(anonymous_0)","decl":{"start":{"line":15,"column":17},"end":{"line":15,"column":18}},"loc":{"start":{"line":15,"column":23},"end":{"line":15,"column":84}},"line":15},"1":{"name":"(anonymous_1)","decl":{"start":{"line":15,"column":37},"end":{"line":15,"column":38}},"loc":{"start":{"line":15,"column":53},"end":{"line":15,"column":82}},"line":15},"2":{"name":"(anonymous_2)","decl":{"start":{"line":16,"column":17},"end":{"line":16,"column":18}},"loc":{"start":{"line":16,"column":23},"end":{"line":20,"column":3}},"line":16},"3":{"name":"(anonymous_3)","decl":{"start":{"line":22,"column":2},"end":{"line":22,"column":3}},"loc":{"start":{"line":22,"column":11},"end":{"line":61,"column":3}},"line":22},"4":{"name":"(anonymous_4)","decl":{"start":{"line":70,"column":24},"end":{"line":70,"column":25}},"loc":{"start":{"line":70,"column":55},"end":{"line":70,"column":69}},"line":70}},"branchMap":{"0":{"loc":{"start":{"line":26,"column":40},"end":{"line":26,"column":69}},"type":"cond-expr","locations":[{"start":{"line":26,"column":53},"end":{"line":26,"column":64}},{"start":{"line":26,"column":67},"end":{"line":26,"column":69}}],"line":26},"1":{"loc":{"start":{"line":27,"column":34},"end":{"line":27,"column":82}},"type":"cond-expr","locations":[{"start":{"line":27,"column":47},"end":{"line":27,"column":64}},{"start":{"line":27,"column":67},"end":{"line":27,"column":82}}],"line":27},"2":{"loc":{"start":{"line":28,"column":11},"end":{"line":43,"column":11}},"type":"binary-expr","locations":[{"start":{"line":28,"column":11},"end":{"line":28,"column":22}},{"start":{"line":29,"column":12},"end":{"line":42,"column":29}}],"line":28},"3":{"loc":{"start":{"line":33,"column":27},"end":{"line":33,"column":49}},"type":"cond-expr","locations":[{"start":{"line":33,"column":36},"end":{"line":33,"column":44}},{"start":{"line":33,"column":47},"end":{"line":33,"column":49}}],"line":33},"4":{"loc":{"start":{"line":44,"column":11},"end":{"line":48,"column":11}},"type":"binary-expr","locations":[{"start":{"line":44,"column":11},"end":{"line":44,"column":21}},{"start":{"line":45,"column":12},"end":{"line":47,"column":29}}],"line":44},"5":{"loc":{"start":{"line":50,"column":34},"end":{"line":50,"column":56}},"type":"cond-expr","locations":[{"start":{"line":50,"column":43},"end":{"line":50,"column":51}},{"start":{"line":50,"column":54},"end":{"line":50,"column":56}}],"line":50},"6":{"loc":{"start":{"line":51,"column":11},"end":{"line":57,"column":11}},"type":"binary-expr","locations":[{"start":{"line":51,"column":11},"end":{"line":51,"column":22}},{"start":{"line":52,"column":12},"end":{"line":56,"column":29}}],"line":51}},"s":{"0":1,"1":1,"2":1,"3":1,"4":1,"5":4,"6":4,"7":1,"8":1,"9":0,"10":1},"f":{"0":1,"1":1,"2":1,"3":4,"4":0},"b":{"0":[1,3],"1":[1,3],"2":[4,3],"3":[1,2],"4":[4,1],"5":[1,3],"6":[4,3]},"_coverageSchema":"43e27e138ebf9cfc5966b082cf9a028302ed4184","hash":"dcea28976c625b79d5a1b5937df4f2a559358351"}
,"/Users/ibidaporasheed/Documents/send-it-react/src/components/home/banner/Banner.jsx": {"path":"/Users/ibidaporasheed/Documents/send-it-react/src/components/home/banner/Banner.jsx","statementMap":{"0":{"start":{"line":6,"column":15},"end":{"line":14,"column":1}},"1":{"start":{"line":7,"column":2},"end":{"line":13,"column":8}}},"fnMap":{"0":{"name":"(anonymous_0)","decl":{"start":{"line":6,"column":15},"end":{"line":6,"column":16}},"loc":{"start":{"line":7,"column":2},"end":{"line":13,"column":8}},"line":7}},"branchMap":{},"s":{"0":1,"1":1},"f":{"0":1},"b":{},"_coverageSchema":"43e27e138ebf9cfc5966b082cf9a028302ed4184","hash":"f28f3ffdf5e096b80bb0e46c7c3c4af779b076b8"}
,"/Users/ibidaporasheed/Documents/send-it-react/src/components/home/content/Content.jsx": {"path":"/Users/ibidaporasheed/Documents/send-it-react/src/components/home/content/Content.jsx","statementMap":{"0":{"start":{"line":9,"column":16},"end":{"line":37,"column":1}},"1":{"start":{"line":10,"column":2},"end":{"line":36,"column":8}}},"fnMap":{"0":{"name":"(anonymous_0)","decl":{"start":{"line":9,"column":16},"end":{"line":9,"column":17}},"loc":{"start":{"line":10,"column":2},"end":{"line":36,"column":8}},"line":10}},"branchMap":{},"s":{"0":1,"1":1},"f":{"0":1},"b":{},"_coverageSchema":"43e27e138ebf9cfc5966b082cf9a028302ed4184","hash":"6ea6347e4d960cc85b88607bfe3e241ddf9640e5"}
,"/Users/ibidaporasheed/Documents/send-it-react/src/components/home/form/Form.jsx": {"path":"/Users/ibidaporasheed/Documents/send-it-react/src/components/home/form/Form.jsx","statementMap":{"0":{"start":{"line":17,"column":45},"end":{"line":17,"column":84}},"1":{"start":{"line":17,"column":66},"end":{"line":17,"column":82}},"2":{"start":{"line":18,"column":48},"end":{"line":18,"column":90}},"3":{"start":{"line":18,"column":69},"end":{"line":18,"column":88}},"4":{"start":{"line":21,"column":4},"end":{"line":21,"column":23}},"5":{"start":{"line":22,"column":64},"end":{"line":22,"column":68}},"6":{"start":{"line":24,"column":4},"end":{"line":24,"column":88}},"7":{"start":{"line":24,"column":25},"end":{"line":24,"column":88}},"8":{"start":{"line":25,"column":4},"end":{"line":26,"column":85}},"9":{"start":{"line":26,"column":6},"end":{"line":26,"column":85}},"10":{"start":{"line":28,"column":4},"end":{"line":28,"column":33}},"11":{"start":{"line":35,"column":8},"end":{"line":35,"column":12}},"12":{"start":{"line":37,"column":4},"end":{"line":59,"column":6}},"13":{"start":{"line":63,"column":0},"end":{"line":66,"column":1}}},"fnMap":{"0":{"name":"(anonymous_0)","decl":{"start":{"line":17,"column":18},"end":{"line":17,"column":19}},"loc":{"start":{"line":17,"column":45},"end":{"line":17,"column":84}},"line":17},"1":{"name":"(anonymous_1)","decl":{"start":{"line":17,"column":59},"end":{"line":17,"column":60}},"loc":{"start":{"line":17,"column":66},"end":{"line":17,"column":82}},"line":17},"2":{"name":"(anonymous_2)","decl":{"start":{"line":18,"column":21},"end":{"line":18,"column":22}},"loc":{"start":{"line":18,"column":48},"end":{"line":18,"column":90}},"line":18},"3":{"name":"(anonymous_3)","decl":{"start":{"line":18,"column":62},"end":{"line":18,"column":63}},"loc":{"start":{"line":18,"column":69},"end":{"line":18,"column":88}},"line":18},"4":{"name":"(anonymous_4)","decl":{"start":{"line":20,"column":13},"end":{"line":20,"column":14}},"loc":{"start":{"line":20,"column":20},"end":{"line":29,"column":3}},"line":20},"5":{"name":"(anonymous_5)","decl":{"start":{"line":31,"column":2},"end":{"line":31,"column":3}},"loc":{"start":{"line":31,"column":11},"end":{"line":60,"column":3}},"line":31}},"branchMap":{"0":{"loc":{"start":{"line":24,"column":4},"end":{"line":24,"column":88}},"type":"if","locations":[{"start":{"line":24,"column":4},"end":{"line":24,"column":88}},{"start":{"line":24,"column":4},"end":{"line":24,"column":88}}],"line":24},"1":{"loc":{"start":{"line":25,"column":4},"end":{"line":26,"column":85}},"type":"if","locations":[{"start":{"line":25,"column":4},"end":{"line":26,"column":85}},{"start":{"line":25,"column":4},"end":{"line":26,"column":85}}],"line":25}},"s":{"0":4,"1":4,"2":4,"3":4,"4":3,"5":3,"6":3,"7":1,"8":2,"9":1,"10":1,"11":12,"12":12,"13":4},"f":{"0":4,"1":4,"2":4,"3":4,"4":3,"5":12},"b":{"0":[1,2],"1":[1,1]},"_coverageSchema":"43e27e138ebf9cfc5966b082cf9a028302ed4184","hash":"fd355672d8cfc3236ddbcd8ecc867a0b0199da79"}
,"/Users/ibidaporasheed/Documents/send-it-react/src/components/home/form/LoginForm.jsx": {"path":"/Users/ibidaporasheed/Documents/send-it-react/src/components/home/form/LoginForm.jsx","statementMap":{"0":{"start":{"line":11,"column":25},"end":{"line":27,"column":1}},"1":{"start":{"line":12,"column":19},"end":{"line":22,"column":3}},"2":{"start":{"line":13,"column":4},"end":{"line":13,"column":54}},"3":{"start":{"line":13,"column":20},"end":{"line":13,"column":54}},"4":{"start":{"line":15,"column":37},"end":{"line":15,"column":73}},"5":{"start":{"line":17,"column":4},"end":{"line":17,"column":55}},"6":{"start":{"line":17,"column":15},"end":{"line":17,"column":55}},"7":{"start":{"line":19,"column":4},"end":{"line":19,"column":26}},"8":{"start":{"line":20,"column":4},"end":{"line":20,"column":31}},"9":{"start":{"line":21,"column":4},"end":{"line":21,"column":41}},"10":{"start":{"line":24,"column":2},"end":{"line":26,"column":4}},"11":{"start":{"line":29,"column":0},"end":{"line":34,"column":1}},"12":{"start":{"line":36,"column":24},"end":{"line":36,"column":88}},"13":{"start":{"line":36,"column":64},"end":{"line":36,"column":87}},"14":{"start":{"line":37,"column":28},"end":{"line":37,"column":53}}},"fnMap":{"0":{"name":"(anonymous_0)","decl":{"start":{"line":11,"column":25},"end":{"line":11,"column":26}},"loc":{"start":{"line":11,"column":77},"end":{"line":27,"column":1}},"line":11},"1":{"name":"(anonymous_1)","decl":{"start":{"line":12,"column":19},"end":{"line":12,"column":20}},"loc":{"start":{"line":12,"column":50},"end":{"line":22,"column":3}},"line":12},"2":{"name":"(anonymous_2)","decl":{"start":{"line":36,"column":24},"end":{"line":36,"column":25}},"loc":{"start":{"line":36,"column":64},"end":{"line":36,"column":87}},"line":36}},"branchMap":{"0":{"loc":{"start":{"line":13,"column":4},"end":{"line":13,"column":54}},"type":"if","locations":[{"start":{"line":13,"column":4},"end":{"line":13,"column":54}},{"start":{"line":13,"column":4},"end":{"line":13,"column":54}}],"line":13},"1":{"loc":{"start":{"line":17,"column":4},"end":{"line":17,"column":55}},"type":"if","locations":[{"start":{"line":17,"column":4},"end":{"line":17,"column":55}},{"start":{"line":17,"column":4},"end":{"line":17,"column":55}}],"line":17}},"s":{"0":2,"1":2,"2":2,"3":1,"4":1,"5":0,"6":0,"7":0,"8":0,"9":0,"10":2,"11":2,"12":2,"13":0,"14":2},"f":{"0":2,"1":2,"2":0},"b":{"0":[1,1],"1":[0,0]},"_coverageSchema":"43e27e138ebf9cfc5966b082cf9a028302ed4184","hash":"76226b634205b49ecf326e39839959f3e6827dff"}
,"/Users/ibidaporasheed/Documents/send-it-react/src/components/home/form/RegisterForm.jsx": {"path":"/Users/ibidaporasheed/Documents/send-it-react/src/components/home/form/RegisterForm.jsx","statementMap":{"0":{"start":{"line":11,"column":28},"end":{"line":26,"column":1}},"1":{"start":{"line":12,"column":19},"end":{"line":21,"column":3}},"2":{"start":{"line":13,"column":4},"end":{"line":13,"column":54}},"3":{"start":{"line":13,"column":20},"end":{"line":13,"column":54}},"4":{"start":{"line":15,"column":37},"end":{"line":15,"column":76}},"5":{"start":{"line":17,"column":4},"end":{"line":17,"column":55}},"6":{"start":{"line":17,"column":15},"end":{"line":17,"column":55}},"7":{"start":{"line":18,"column":4},"end":{"line":18,"column":26}},"8":{"start":{"line":19,"column":4},"end":{"line":19,"column":31}},"9":{"start":{"line":20,"column":4},"end":{"line":20,"column":41}},"10":{"start":{"line":23,"column":2},"end":{"line":25,"column":4}},"11":{"start":{"line":28,"column":0},"end":{"line":33,"column":1}},"12":{"start":{"line":35,"column":24},"end":{"line":35,"column":88}},"13":{"start":{"line":35,"column":64},"end":{"line":35,"column":87}},"14":{"start":{"line":36,"column":28},"end":{"line":36,"column":56}}},"fnMap":{"0":{"name":"(anonymous_0)","decl":{"start":{"line":11,"column":28},"end":{"line":11,"column":29}},"loc":{"start":{"line":11,"column":83},"end":{"line":26,"column":1}},"line":11},"1":{"name":"(anonymous_1)","decl":{"start":{"line":12,"column":19},"end":{"line":12,"column":20}},"loc":{"start":{"line":12,"column":50},"end":{"line":21,"column":3}},"line":12},"2":{"name":"(anonymous_2)","decl":{"start":{"line":35,"column":24},"end":{"line":35,"column":25}},"loc":{"start":{"line":35,"column":64},"end":{"line":35,"column":87}},"line":35}},"branchMap":{"0":{"loc":{"start":{"line":13,"column":4},"end":{"line":13,"column":54}},"type":"if","locations":[{"start":{"line":13,"column":4},"end":{"line":13,"column":54}},{"start":{"line":13,"column":4},"end":{"line":13,"column":54}}],"line":13},"1":{"loc":{"start":{"line":17,"column":4},"end":{"line":17,"column":55}},"type":"if","locations":[{"start":{"line":17,"column":4},"end":{"line":17,"column":55}},{"start":{"line":17,"column":4},"end":{"line":17,"column":55}}],"line":17}},"s":{"0":2,"1":2,"2":2,"3":1,"4":1,"5":0,"6":0,"7":0,"8":0,"9":0,"10":2,"11":2,"12":2,"13":0,"14":2},"f":{"0":2,"1":2,"2":0},"b":{"0":[1,1],"1":[0,0]},"_coverageSchema":"43e27e138ebf9cfc5966b082cf9a028302ed4184","hash":"07c30e1f2350839842a33030a7ef0f1400547bca"}
,"/Users/ibidaporasheed/Documents/send-it-react/src/components/tab-contents/TabContents.jsx": {"path":"/Users/ibidaporasheed/Documents/send-it-react/src/components/tab-contents/TabContents.jsx","statementMap":{"0":{"start":{"line":6,"column":20},"end":{"line":12,"column":1}},"1":{"start":{"line":7,"column":2},"end":{"line":11,"column":4}},"2":{"start":{"line":14,"column":0},"end":{"line":20,"column":2}}},"fnMap":{"0":{"name":"(anonymous_0)","decl":{"start":{"line":6,"column":20},"end":{"line":6,"column":21}},"loc":{"start":{"line":6,"column":42},"end":{"line":12,"column":1}},"line":6}},"branchMap":{},"s":{"0":2,"1":1,"2":2},"f":{"0":1},"b":{},"_coverageSchema":"43e27e138ebf9cfc5966b082cf9a028302ed4184","hash":"45fc16c09ae5781d9a9af86d90023414c55e46f9"}
,"/Users/ibidaporasheed/Documents/send-it-react/src/redux/actions/auth.js": {"path":"/Users/ibidaporasheed/Documents/send-it-react/src/redux/actions/auth.js","statementMap":{"0":{"start":{"line":7,"column":20},"end":{"line":7,"column":44}},"1":{"start":{"line":9,"column":25},"end":{"line":23,"column":1}},"2":{"start":{"line":9,"column":38},"end":{"line":23,"column":1}},"3":{"start":{"line":10,"column":25},"end":{"line":10,"column":46}},"4":{"start":{"line":12,"column":2},"end":{"line":22,"column":3}},"5":{"start":{"line":15,"column":8},"end":{"line":15,"column":69}},"6":{"start":{"line":17,"column":4},"end":{"line":17,"column":49}},"7":{"start":{"line":18,"column":4},"end":{"line":18,"column":35}},"8":{"start":{"line":19,"column":4},"end":{"line":19,"column":31}},"9":{"start":{"line":21,"column":4},"end":{"line":21,"column":57}},"10":{"start":{"line":25,"column":28},"end":{"line":39,"column":1}},"11":{"start":{"line":25,"column":41},"end":{"line":39,"column":1}},"12":{"start":{"line":26,"column":25},"end":{"line":26,"column":46}},"13":{"start":{"line":28,"column":2},"end":{"line":38,"column":3}},"14":{"start":{"line":31,"column":8},"end":{"line":31,"column":70}},"15":{"start":{"line":33,"column":4},"end":{"line":33,"column":49}},"16":{"start":{"line":34,"column":4},"end":{"line":34,"column":38}},"17":{"start":{"line":35,"column":4},"end":{"line":35,"column":31}},"18":{"start":{"line":37,"column":4},"end":{"line":37,"column":57}},"19":{"start":{"line":41,"column":26},"end":{"line":44,"column":1}},"20":{"start":{"line":41,"column":32},"end":{"line":44,"column":1}},"21":{"start":{"line":42,"column":2},"end":{"line":42,"column":43}},"22":{"start":{"line":43,"column":2},"end":{"line":43,"column":34}}},"fnMap":{"0":{"name":"(anonymous_0)","decl":{"start":{"line":9,"column":25},"end":{"line":9,"column":26}},"loc":{"start":{"line":9,"column":38},"end":{"line":23,"column":1}},"line":9},"1":{"name":"(anonymous_1)","decl":{"start":{"line":9,"column":38},"end":{"line":9,"column":39}},"loc":{"start":{"line":9,"column":58},"end":{"line":23,"column":1}},"line":9},"2":{"name":"(anonymous_2)","decl":{"start":{"line":25,"column":28},"end":{"line":25,"column":29}},"loc":{"start":{"line":25,"column":41},"end":{"line":39,"column":1}},"line":25},"3":{"name":"(anonymous_3)","decl":{"start":{"line":25,"column":41},"end":{"line":25,"column":42}},"loc":{"start":{"line":25,"column":61},"end":{"line":39,"column":1}},"line":25},"4":{"name":"(anonymous_4)","decl":{"start":{"line":41,"column":26},"end":{"line":41,"column":27}},"loc":{"start":{"line":41,"column":32},"end":{"line":44,"column":1}},"line":41},"5":{"name":"(anonymous_5)","decl":{"start":{"line":41,"column":32},"end":{"line":41,"column":33}},"loc":{"start":{"line":41,"column":52},"end":{"line":44,"column":1}},"line":41}},"branchMap":{"0":{"loc":{"start":{"line":20,"column":31},"end":{"line":20,"column":45}},"type":"default-arg","locations":[{"start":{"line":20,"column":43},"end":{"line":20,"column":45}}],"line":20},"1":{"loc":{"start":{"line":21,"column":21},"end":{"line":21,"column":53}},"type":"binary-expr","locations":[{"start":{"line":21,"column":21},"end":{"line":21,"column":26}},{"start":{"line":21,"column":30},"end":{"line":21,"column":53}}],"line":21},"2":{"loc":{"start":{"line":36,"column":31},"end":{"line":36,"column":45}},"type":"default-arg","locations":[{"start":{"line":36,"column":43},"end":{"line":36,"column":45}}],"line":36},"3":{"loc":{"start":{"line":37,"column":21},"end":{"line":37,"column":53}},"type":"binary-expr","locations":[{"start":{"line":37,"column":21},"end":{"line":37,"column":26}},{"start":{"line":37,"column":30},"end":{"line":37,"column":53}}],"line":37}},"s":{"0":5,"1":5,"2":2,"3":2,"4":2,"5":2,"6":1,"7":1,"8":1,"9":1,"10":5,"11":2,"12":2,"13":2,"14":2,"15":1,"16":1,"17":1,"18":1,"19":5,"20":1,"21":1,"22":1},"f":{"0":2,"1":2,"2":2,"3":2,"4":1,"5":1},"b":{"0":[1],"1":[1,1],"2":[1],"3":[1,1]},"_coverageSchema":"43e27e138ebf9cfc5966b082cf9a028302ed4184","hash":"020d9933bd85a54bc2c23ef8ef378cdd68874be7"}
,"/Users/ibidaporasheed/Documents/send-it-react/src/redux/actions/parcels.js": {"path":"/Users/ibidaporasheed/Documents/send-it-react/src/redux/actions/parcels.js","statementMap":{"0":{"start":{"line":8,"column":20},"end":{"line":8,"column":44}},"1":{"start":{"line":10,"column":25},"end":{"line":22,"column":1}},"2":{"start":{"line":10,"column":38},"end":{"line":22,"column":1}},"3":{"start":{"line":11,"column":25},"end":{"line":11,"column":46}},"4":{"start":{"line":13,"column":2},"end":{"line":21,"column":3}},"5":{"start":{"line":16,"column":8},"end":{"line":16,"column":67}},"6":{"start":{"line":17,"column":4},"end":{"line":17,"column":53}},"7":{"start":{"line":18,"column":4},"end":{"line":18,"column":34}},"8":{"start":{"line":20,"column":4},"end":{"line":20,"column":57}},"9":{"start":{"line":24,"column":29},"end":{"line":33,"column":1}},"10":{"start":{"line":24,"column":35},"end":{"line":33,"column":1}},"11":{"start":{"line":25,"column":2},"end":{"line":32,"column":3}},"12":{"start":{"line":26,"column":43},"end":{"line":26,"column":85}},"13":{"start":{"line":28,"column":4},"end":{"line":28,"column":54}},"14":{"start":{"line":29,"column":4},"end":{"line":29,"column":34}},"15":{"start":{"line":31,"column":4},"end":{"line":31,"column":57}},"16":{"start":{"line":35,"column":32},"end":{"line":44,"column":1}},"17":{"start":{"line":35,"column":40},"end":{"line":44,"column":1}},"18":{"start":{"line":36,"column":2},"end":{"line":43,"column":3}},"19":{"start":{"line":37,"column":43},"end":{"line":37,"column":97}},"20":{"start":{"line":39,"column":4},"end":{"line":39,"column":54}},"21":{"start":{"line":40,"column":4},"end":{"line":40,"column":34}},"22":{"start":{"line":42,"column":4},"end":{"line":42,"column":57}},"23":{"start":{"line":46,"column":37},"end":{"line":59,"column":1}},"24":{"start":{"line":46,"column":54},"end":{"line":59,"column":1}},"25":{"start":{"line":47,"column":25},"end":{"line":47,"column":46}},"26":{"start":{"line":49,"column":2},"end":{"line":58,"column":3}},"27":{"start":{"line":52,"column":8},"end":{"line":52,"column":83}},"28":{"start":{"line":54,"column":4},"end":{"line":54,"column":72}},"29":{"start":{"line":55,"column":4},"end":{"line":55,"column":25}},"30":{"start":{"line":57,"column":4},"end":{"line":57,"column":57}},"31":{"start":{"line":61,"column":28},"end":{"line":70,"column":1}},"32":{"start":{"line":61,"column":36},"end":{"line":70,"column":1}},"33":{"start":{"line":62,"column":2},"end":{"line":69,"column":3}},"34":{"start":{"line":63,"column":43},"end":{"line":63,"column":97}},"35":{"start":{"line":65,"column":4},"end":{"line":65,"column":60}},"36":{"start":{"line":66,"column":4},"end":{"line":66,"column":25}},"37":{"start":{"line":68,"column":4},"end":{"line":68,"column":57}},"38":{"start":{"line":72,"column":34},"end":{"line":85,"column":1}},"39":{"start":{"line":72,"column":51},"end":{"line":85,"column":1}},"40":{"start":{"line":73,"column":25},"end":{"line":73,"column":46}},"41":{"start":{"line":75,"column":2},"end":{"line":84,"column":3}},"42":{"start":{"line":78,"column":8},"end":{"line":78,"column":87}},"43":{"start":{"line":80,"column":4},"end":{"line":80,"column":69}},"44":{"start":{"line":81,"column":4},"end":{"line":81,"column":25}},"45":{"start":{"line":83,"column":4},"end":{"line":83,"column":57}},"46":{"start":{"line":87,"column":29},"end":{"line":98,"column":1}},"47":{"start":{"line":87,"column":37},"end":{"line":98,"column":1}},"48":{"start":{"line":88,"column":2},"end":{"line":97,"column":3}},"49":{"start":{"line":91,"column":8},"end":{"line":91,"column":87}},"50":{"start":{"line":93,"column":4},"end":{"line":93,"column":61}},"51":{"start":{"line":94,"column":4},"end":{"line":94,"column":25}},"52":{"start":{"line":96,"column":4},"end":{"line":96,"column":57}}},"fnMap":{"0":{"name":"(anonymous_0)","decl":{"start":{"line":10,"column":25},"end":{"line":10,"column":26}},"loc":{"start":{"line":10,"column":38},"end":{"line":22,"column":1}},"line":10},"1":{"name":"(anonymous_1)","decl":{"start":{"line":10,"column":38},"end":{"line":10,"column":39}},"loc":{"start":{"line":10,"column":58},"end":{"line":22,"column":1}},"line":10},"2":{"name":"(anonymous_2)","decl":{"start":{"line":24,"column":29},"end":{"line":24,"column":30}},"loc":{"start":{"line":24,"column":35},"end":{"line":33,"column":1}},"line":24},"3":{"name":"(anonymous_3)","decl":{"start":{"line":24,"column":35},"end":{"line":24,"column":36}},"loc":{"start":{"line":24,"column":55},"end":{"line":33,"column":1}},"line":24},"4":{"name":"(anonymous_4)","decl":{"start":{"line":35,"column":32},"end":{"line":35,"column":33}},"loc":{"start":{"line":35,"column":40},"end":{"line":44,"column":1}},"line":35},"5":{"name":"(anonymous_5)","decl":{"start":{"line":35,"column":40},"end":{"line":35,"column":41}},"loc":{"start":{"line":35,"column":60},"end":{"line":44,"column":1}},"line":35},"6":{"name":"(anonymous_6)","decl":{"start":{"line":46,"column":37},"end":{"line":46,"column":38}},"loc":{"start":{"line":46,"column":54},"end":{"line":59,"column":1}},"line":46},"7":{"name":"(anonymous_7)","decl":{"start":{"line":46,"column":54},"end":{"line":46,"column":55}},"loc":{"start":{"line":46,"column":74},"end":{"line":59,"column":1}},"line":46},"8":{"name":"(anonymous_8)","decl":{"start":{"line":61,"column":28},"end":{"line":61,"column":29}},"loc":{"start":{"line":61,"column":36},"end":{"line":70,"column":1}},"line":61},"9":{"name":"(anonymous_9)","decl":{"start":{"line":61,"column":36},"end":{"line":61,"column":37}},"loc":{"start":{"line":61,"column":56},"end":{"line":70,"column":1}},"line":61},"10":{"name":"(anonymous_10)","decl":{"start":{"line":72,"column":34},"end":{"line":72,"column":35}},"loc":{"start":{"line":72,"column":51},"end":{"line":85,"column":1}},"line":72},"11":{"name":"(anonymous_11)","decl":{"start":{"line":72,"column":51},"end":{"line":72,"column":52}},"loc":{"start":{"line":72,"column":71},"end":{"line":85,"column":1}},"line":72},"12":{"name":"(anonymous_12)","decl":{"start":{"line":87,"column":29},"end":{"line":87,"column":30}},"loc":{"start":{"line":87,"column":37},"end":{"line":98,"column":1}},"line":87},"13":{"name":"(anonymous_13)","decl":{"start":{"line":87,"column":37},"end":{"line":87,"column":38}},"loc":{"start":{"line":87,"column":57},"end":{"line":98,"column":1}},"line":87}},"branchMap":{"0":{"loc":{"start":{"line":19,"column":31},"end":{"line":19,"column":45}},"type":"default-arg","locations":[{"start":{"line":19,"column":43},"end":{"line":19,"column":45}}],"line":19},"1":{"loc":{"start":{"line":20,"column":21},"end":{"line":20,"column":53}},"type":"binary-expr","locations":[{"start":{"line":20,"column":21},"end":{"line":20,"column":26}},{"start":{"line":20,"column":30},"end":{"line":20,"column":53}}],"line":20},"2":{"loc":{"start":{"line":30,"column":31},"end":{"line":30,"column":45}},"type":"default-arg","locations":[{"start":{"line":30,"column":43},"end":{"line":30,"column":45}}],"line":30},"3":{"loc":{"start":{"line":31,"column":21},"end":{"line":31,"column":53}},"type":"binary-expr","locations":[{"start":{"line":31,"column":21},"end":{"line":31,"column":26}},{"start":{"line":31,"column":30},"end":{"line":31,"column":53}}],"line":31},"4":{"loc":{"start":{"line":41,"column":31},"end":{"line":41,"column":45}},"type":"default-arg","locations":[{"start":{"line":41,"column":43},"end":{"line":41,"column":45}}],"line":41},"5":{"loc":{"start":{"line":42,"column":21},"end":{"line":42,"column":53}},"type":"binary-expr","locations":[{"start":{"line":42,"column":21},"end":{"line":42,"column":26}},{"start":{"line":42,"column":30},"end":{"line":42,"column":53}}],"line":42},"6":{"loc":{"start":{"line":56,"column":31},"end":{"line":56,"column":45}},"type":"default-arg","locations":[{"start":{"line":56,"column":43},"end":{"line":56,"column":45}}],"line":56},"7":{"loc":{"start":{"line":57,"column":21},"end":{"line":57,"column":53}},"type":"binary-expr","locations":[{"start":{"line":57,"column":21},"end":{"line":57,"column":26}},{"start":{"line":57,"column":30},"end":{"line":57,"column":53}}],"line":57},"8":{"loc":{"start":{"line":67,"column":31},"end":{"line":67,"column":45}},"type":"default-arg","locations":[{"start":{"line":67,"column":43},"end":{"line":67,"column":45}}],"line":67},"9":{"loc":{"start":{"line":68,"column":21},"end":{"line":68,"column":53}},"type":"binary-expr","locations":[{"start":{"line":68,"column":21},"end":{"line":68,"column":26}},{"start":{"line":68,"column":30},"end":{"line":68,"column":53}}],"line":68},"10":{"loc":{"start":{"line":82,"column":31},"end":{"line":82,"column":45}},"type":"default-arg","locations":[{"start":{"line":82,"column":43},"end":{"line":82,"column":45}}],"line":82},"11":{"loc":{"start":{"line":83,"column":21},"end":{"line":83,"column":53}},"type":"binary-expr","locations":[{"start":{"line":83,"column":21},"end":{"line":83,"column":26}},{"start":{"line":83,"column":30},"end":{"line":83,"column":53}}],"line":83},"12":{"loc":{"start":{"line":95,"column":31},"end":{"line":95,"column":45}},"type":"default-arg","locations":[{"start":{"line":95,"column":43},"end":{"line":95,"column":45}}],"line":95},"13":{"loc":{"start":{"line":96,"column":21},"end":{"line":96,"column":53}},"type":"binary-expr","locations":[{"start":{"line":96,"column":21},"end":{"line":96,"column":26}},{"start":{"line":96,"column":30},"end":{"line":96,"column":53}}],"line":96}},"s":{"0":1,"1":1,"2":2,"3":2,"4":2,"5":2,"6":1,"7":1,"8":1,"9":1,"10":2,"11":2,"12":2,"13":1,"14":1,"15":1,"16":1,"17":2,"18":2,"19":2,"20":1,"21":1,"22":1,"23":1,"24":2,"25":2,"26":2,"27":2,"28":1,"29":1,"30":1,"31":1,"32":2,"33":2,"34":2,"35":1,"36":1,"37":1,"38":1,"39":2,"40":2,"41":2,"42":2,"43":1,"44":1,"45":1,"46":1,"47":2,"48":2,"49":2,"50":1,"51":1,"52":1},"f":{"0":2,"1":2,"2":2,"3":2,"4":2,"5":2,"6":2,"7":2,"8":2,"9":2,"10":2,"11":2,"12":2,"13":2},"b":{"0":[1],"1":[1,1],"2":[1],"3":[1,1],"4":[1],"5":[1,1],"6":[1],"7":[1,1],"8":[1],"9":[1,1],"10":[1],"11":[1,1],"12":[1],"13":[1,1]},"_coverageSchema":"43e27e138ebf9cfc5966b082cf9a028302ed4184","hash":"4d36433d32c171ea4e6e562c6512d3e796e21e3a"}
,"/Users/ibidaporasheed/Documents/send-it-react/src/redux/actions/profile.js": {"path":"/Users/ibidaporasheed/Documents/send-it-react/src/redux/actions/profile.js","statementMap":{"0":{"start":{"line":6,"column":20},"end":{"line":6,"column":44}},"1":{"start":{"line":8,"column":26},"end":{"line":13,"column":1}},"2":{"start":{"line":8,"column":39},"end":{"line":13,"column":1}},"3":{"start":{"line":9,"column":2},"end":{"line":12,"column":5}},"4":{"start":{"line":15,"column":29},"end":{"line":31,"column":1}},"5":{"start":{"line":15,"column":42},"end":{"line":31,"column":1}},"6":{"start":{"line":16,"column":25},"end":{"line":16,"column":46}},"7":{"start":{"line":18,"column":2},"end":{"line":30,"column":3}},"8":{"start":{"line":21,"column":8},"end":{"line":21,"column":64}},"9":{"start":{"line":23,"column":4},"end":{"line":26,"column":7}},"10":{"start":{"line":27,"column":4},"end":{"line":27,"column":31}},"11":{"start":{"line":29,"column":4},"end":{"line":29,"column":57}},"12":{"start":{"line":33,"column":28},"end":{"line":35,"column":1}},"13":{"start":{"line":33,"column":34},"end":{"line":35,"column":1}},"14":{"start":{"line":34,"column":2},"end":{"line":34,"column":36}}},"fnMap":{"0":{"name":"(anonymous_0)","decl":{"start":{"line":8,"column":26},"end":{"line":8,"column":27}},"loc":{"start":{"line":8,"column":39},"end":{"line":13,"column":1}},"line":8},"1":{"name":"(anonymous_1)","decl":{"start":{"line":8,"column":39},"end":{"line":8,"column":40}},"loc":{"start":{"line":8,"column":59},"end":{"line":13,"column":1}},"line":8},"2":{"name":"(anonymous_2)","decl":{"start":{"line":15,"column":29},"end":{"line":15,"column":30}},"loc":{"start":{"line":15,"column":42},"end":{"line":31,"column":1}},"line":15},"3":{"name":"(anonymous_3)","decl":{"start":{"line":15,"column":42},"end":{"line":15,"column":43}},"loc":{"start":{"line":15,"column":62},"end":{"line":31,"column":1}},"line":15},"4":{"name":"(anonymous_4)","decl":{"start":{"line":33,"column":28},"end":{"line":33,"column":29}},"loc":{"start":{"line":33,"column":34},"end":{"line":35,"column":1}},"line":33},"5":{"name":"(anonymous_5)","decl":{"start":{"line":33,"column":34},"end":{"line":33,"column":35}},"loc":{"start":{"line":33,"column":54},"end":{"line":35,"column":1}},"line":33}},"branchMap":{"0":{"loc":{"start":{"line":28,"column":31},"end":{"line":28,"column":45}},"type":"default-arg","locations":[{"start":{"line":28,"column":43},"end":{"line":28,"column":45}}],"line":28},"1":{"loc":{"start":{"line":29,"column":21},"end":{"line":29,"column":53}},"type":"binary-expr","locations":[{"start":{"line":29,"column":21},"end":{"line":29,"column":26}},{"start":{"line":29,"column":30},"end":{"line":29,"column":53}}],"line":29}},"s":{"0":5,"1":5,"2":1,"3":1,"4":5,"5":2,"6":2,"7":2,"8":2,"9":1,"10":1,"11":1,"12":5,"13":1,"14":1},"f":{"0":1,"1":1,"2":2,"3":2,"4":1,"5":1},"b":{"0":[1],"1":[1,1]},"_coverageSchema":"43e27e138ebf9cfc5966b082cf9a028302ed4184","hash":"c088fad571e0548196f5fda7c975cf0a66162a68"}
,"/Users/ibidaporasheed/Documents/send-it-react/src/redux/actions/types.js": {"path":"/Users/ibidaporasheed/Documents/send-it-react/src/redux/actions/types.js","statementMap":{"0":{"start":{"line":1,"column":26},"end":{"line":1,"column":38}},"1":{"start":{"line":2,"column":29},"end":{"line":2,"column":44}},"2":{"start":{"line":3,"column":27},"end":{"line":3,"column":40}},"3":{"start":{"line":4,"column":27},"end":{"line":4,"column":40}},"4":{"start":{"line":5,"column":30},"end":{"line":5,"column":46}},"5":{"start":{"line":6,"column":29},"end":{"line":6,"column":44}},"6":{"start":{"line":7,"column":26},"end":{"line":7,"column":38}},"7":{"start":{"line":8,"column":27},"end":{"line":8,"column":40}},"8":{"start":{"line":9,"column":29},"end":{"line":9,"column":44}},"9":{"start":{"line":10,"column":41},"end":{"line":10,"column":68}},"10":{"start":{"line":11,"column":38},"end":{"line":11,"column":62}},"11":{"start":{"line":12,"column":30},"end":{"line":12,"column":46}}},"fnMap":{},"branchMap":{},"s":{"0":10,"1":10,"2":10,"3":10,"4":10,"5":10,"6":10,"7":10,"8":10,"9":10,"10":10,"11":10},"f":{},"b":{},"_coverageSchema":"43e27e138ebf9cfc5966b082cf9a028302ed4184","hash":"940377b02a21c249f44dbb191dfeb0894e9d0f31"}
,"/Users/ibidaporasheed/Documents/send-it-react/src/redux/reducers/auth.js": {"path":"/Users/ibidaporasheed/Documents/send-it-react/src/redux/reducers/auth.js","statementMap":{"0":{"start":{"line":3,"column":25},"end":{"line":3,"column":46}},"1":{"start":{"line":6,"column":19},"end":{"line":6,"column":25}},"2":{"start":{"line":8,"column":2},"end":{"line":18,"column":3}},"3":{"start":{"line":11,"column":6},"end":{"line":11,"column":34}},"4":{"start":{"line":14,"column":6},"end":{"line":14,"column":35}},"5":{"start":{"line":17,"column":6},"end":{"line":17,"column":19}}},"fnMap":{"0":{"name":"(anonymous_0)","decl":{"start":{"line":5,"column":15},"end":{"line":5,"column":16}},"loc":{"start":{"line":5,"column":53},"end":{"line":19,"column":1}},"line":5}},"branchMap":{"0":{"loc":{"start":{"line":5,"column":16},"end":{"line":5,"column":40}},"type":"default-arg","locations":[{"start":{"line":5,"column":24},"end":{"line":5,"column":40}}],"line":5},"1":{"loc":{"start":{"line":8,"column":2},"end":{"line":18,"column":3}},"type":"switch","locations":[{"start":{"line":9,"column":4},"end":{"line":9,"column":20}},{"start":{"line":10,"column":4},"end":{"line":11,"column":34}},{"start":{"line":13,"column":4},"end":{"line":14,"column":35}},{"start":{"line":16,"column":4},"end":{"line":17,"column":19}}],"line":8}},"s":{"0":1,"1":4,"2":4,"3":2,"4":1,"5":1},"f":{"0":4},"b":{"0":[1],"1":[1,2,1,1]},"_coverageSchema":"43e27e138ebf9cfc5966b082cf9a028302ed4184","hash":"b55f847a6e8122ee9befd33e51d755d10b90cb12"}
,"/Users/ibidaporasheed/Documents/send-it-react/src/redux/reducers/parcels.js": {"path":"/Users/ibidaporasheed/Documents/send-it-react/src/redux/reducers/parcels.js","statementMap":{"0":{"start":{"line":6,"column":27},"end":{"line":6,"column":29}},"1":{"start":{"line":9,"column":32},"end":{"line":9,"column":38}},"2":{"start":{"line":10,"column":2},"end":{"line":25,"column":3}},"3":{"start":{"line":12,"column":6},"end":{"line":12,"column":33}},"4":{"start":{"line":15,"column":6},"end":{"line":15,"column":26}},"5":{"start":{"line":21,"column":6},"end":{"line":21,"column":80}},"6":{"start":{"line":21,"column":35},"end":{"line":21,"column":79}},"7":{"start":{"line":24,"column":6},"end":{"line":24,"column":19}}},"fnMap":{"0":{"name":"(anonymous_0)","decl":{"start":{"line":8,"column":15},"end":{"line":8,"column":16}},"loc":{"start":{"line":8,"column":55},"end":{"line":26,"column":1}},"line":8},"1":{"name":"(anonymous_1)","decl":{"start":{"line":21,"column":23},"end":{"line":21,"column":24}},"loc":{"start":{"line":21,"column":35},"end":{"line":21,"column":79}},"line":21}},"branchMap":{"0":{"loc":{"start":{"line":8,"column":16},"end":{"line":8,"column":42}},"type":"default-arg","locations":[{"start":{"line":8,"column":24},"end":{"line":8,"column":42}}],"line":8},"1":{"loc":{"start":{"line":10,"column":2},"end":{"line":25,"column":3}},"type":"switch","locations":[{"start":{"line":11,"column":4},"end":{"line":12,"column":33}},{"start":{"line":14,"column":4},"end":{"line":15,"column":26}},{"start":{"line":17,"column":4},"end":{"line":17,"column":23}},{"start":{"line":18,"column":4},"end":{"line":18,"column":24}},{"start":{"line":19,"column":4},"end":{"line":19,"column":35}},{"start":{"line":20,"column":4},"end":{"line":21,"column":80}},{"start":{"line":23,"column":4},"end":{"line":24,"column":19}}],"line":10},"2":{"loc":{"start":{"line":21,"column":35},"end":{"line":21,"column":79}},"type":"cond-expr","locations":[{"start":{"line":21,"column":63},"end":{"line":21,"column":70}},{"start":{"line":21,"column":73},"end":{"line":21,"column":79}}],"line":21}},"s":{"0":1,"1":7,"2":7,"3":1,"4":1,"5":4,"6":12,"7":1},"f":{"0":7,"1":12},"b":{"0":[1],"1":[1,1,1,2,3,4,1],"2":[0,12]},"_coverageSchema":"43e27e138ebf9cfc5966b082cf9a028302ed4184","hash":"6239d1da706163eadd4a0e09d2900d4a9fb2dfc5"}
,"/Users/ibidaporasheed/Documents/send-it-react/src/redux/reducers/profile.js": {"path":"/Users/ibidaporasheed/Documents/send-it-react/src/redux/reducers/profile.js","statementMap":{"0":{"start":{"line":3,"column":28},"end":{"line":3,"column":30}},"1":{"start":{"line":6,"column":28},"end":{"line":6,"column":34}},"2":{"start":{"line":7,"column":2},"end":{"line":19,"column":3}},"3":{"start":{"line":9,"column":6},"end":{"line":9,"column":28}},"4":{"start":{"line":12,"column":6},"end":{"line":12,"column":38}},"5":{"start":{"line":15,"column":6},"end":{"line":15,"column":16}},"6":{"start":{"line":18,"column":6},"end":{"line":18,"column":19}}},"fnMap":{"0":{"name":"(anonymous_0)","decl":{"start":{"line":5,"column":15},"end":{"line":5,"column":16}},"loc":{"start":{"line":5,"column":56},"end":{"line":20,"column":1}},"line":5}},"branchMap":{"0":{"loc":{"start":{"line":5,"column":16},"end":{"line":5,"column":43}},"type":"default-arg","locations":[{"start":{"line":5,"column":24},"end":{"line":5,"column":43}}],"line":5},"1":{"loc":{"start":{"line":7,"column":2},"end":{"line":19,"column":3}},"type":"switch","locations":[{"start":{"line":8,"column":4},"end":{"line":9,"column":28}},{"start":{"line":11,"column":4},"end":{"line":12,"column":38}},{"start":{"line":14,"column":4},"end":{"line":15,"column":16}},{"start":{"line":17,"column":4},"end":{"line":18,"column":19}}],"line":7}},"s":{"0":1,"1":4,"2":4,"3":1,"4":1,"5":1,"6":1},"f":{"0":4},"b":{"0":[1],"1":[1,1,1,1]},"_coverageSchema":"43e27e138ebf9cfc5966b082cf9a028302ed4184","hash":"b95e9c4c37300920c083a643b75f845e7cf6353b"}
,"/Users/ibidaporasheed/Documents/send-it-react/src/tests/mock-data/auths.js": {"path":"/Users/ibidaporasheed/Documents/send-it-react/src/tests/mock-data/auths.js","statementMap":{"0":{"start":{"line":1,"column":24},"end":{"line":1,"column":44}},"1":{"start":{"line":2,"column":25},"end":{"line":2,"column":46}}},"fnMap":{},"branchMap":{},"s":{"0":1,"1":1},"f":{},"b":{},"_coverageSchema":"43e27e138ebf9cfc5966b082cf9a028302ed4184","hash":"82c9d453d62102780c7fc8d2d440e825cb1428b7"}
,"/Users/ibidaporasheed/Documents/send-it-react/src/tests/mock-data/parcels.js": {"path":"/Users/ibidaporasheed/Documents/send-it-react/src/tests/mock-data/parcels.js","statementMap":{"0":{"start":{"line":1,"column":22},"end":{"line":9,"column":1}},"1":{"start":{"line":11,"column":23},"end":{"line":39,"column":1}}},"fnMap":{},"branchMap":{},"s":{"0":2,"1":2},"f":{},"b":{},"_coverageSchema":"43e27e138ebf9cfc5966b082cf9a028302ed4184","hash":"0370eb4aa7f0b59390d9111951bdf075696f19a3"}
,"/Users/ibidaporasheed/Documents/send-it-react/src/tests/mock-data/users.js": {"path":"/Users/ibidaporasheed/Documents/send-it-react/src/tests/mock-data/users.js","statementMap":{},"fnMap":{},"branchMap":{},"s":{},"f":{},"b":{},"_coverageSchema":"43e27e138ebf9cfc5966b082cf9a028302ed4184","hash":"571ad1cf2f128d1e196b2def6307687bd110a7b9"}
,"/Users/ibidaporasheed/Documents/send-it-react/src/utils/axiosConfig.js": {"path":"/Users/ibidaporasheed/Documents/send-it-react/src/utils/axiosConfig.js","statementMap":{"0":{"start":{"line":3,"column":0},"end":{"line":9,"column":3}},"1":{"start":{"line":4,"column":16},"end":{"line":4,"column":70}},"2":{"start":{"line":4,"column":23},"end":{"line":4,"column":67}},"3":{"start":{"line":5,"column":2},"end":{"line":5,"column":86}},"4":{"start":{"line":8,"column":2},"end":{"line":8,"column":31}}},"fnMap":{"0":{"name":"(anonymous_0)","decl":{"start":{"line":3,"column":31},"end":{"line":3,"column":32}},"loc":{"start":{"line":3,"column":43},"end":{"line":7,"column":1}},"line":3},"1":{"name":"(anonymous_1)","decl":{"start":{"line":4,"column":17},"end":{"line":4,"column":18}},"loc":{"start":{"line":4,"column":23},"end":{"line":4,"column":67}},"line":4},"2":{"name":"(anonymous_2)","decl":{"start":{"line":7,"column":3},"end":{"line":7,"column":4}},"loc":{"start":{"line":7,"column":14},"end":{"line":9,"column":1}},"line":7}},"branchMap":{},"s":{"0":7,"1":20,"2":20,"3":20,"4":0},"f":{"0":20,"1":20,"2":0},"b":{},"_coverageSchema":"43e27e138ebf9cfc5966b082cf9a028302ed4184","hash":"71ca88a143ed6b30ea5d29a4752f959e2c676fd7"}
,"/Users/ibidaporasheed/Documents/send-it-react/src/utils/escapeInputs.js": {"path":"/Users/ibidaporasheed/Documents/send-it-react/src/utils/escapeInputs.js","statementMap":{"0":{"start":{"line":3,"column":21},"end":{"line":5,"column":1}},"1":{"start":{"line":4,"column":2},"end":{"line":4,"column":86}},"2":{"start":{"line":4,"column":55},"end":{"line":4,"column":82}}},"fnMap":{"0":{"name":"(anonymous_0)","decl":{"start":{"line":3,"column":21},"end":{"line":3,"column":22}},"loc":{"start":{"line":3,"column":30},"end":{"line":5,"column":1}},"line":3},"1":{"name":"(anonymous_1)","decl":{"start":{"line":4,"column":47},"end":{"line":4,"column":48}},"loc":{"start":{"line":4,"column":55},"end":{"line":4,"column":82}},"line":4}},"branchMap":{},"s":{"0":7,"1":12,"2":56},"f":{"0":12,"1":56},"b":{},"_coverageSchema":"43e27e138ebf9cfc5966b082cf9a028302ed4184","hash":"ef2283749ce6009a57b1b62c5b865c6b73f61920"}
,"/Users/ibidaporasheed/Documents/send-it-react/src/utils/toastOptions.js": {"path":"/Users/ibidaporasheed/Documents/send-it-react/src/utils/toastOptions.js","statementMap":{},"fnMap":{},"branchMap":{},"s":{},"f":{},"b":{},"_coverageSchema":"43e27e138ebf9cfc5966b082cf9a028302ed4184","hash":"52b30b396ff94ae937694903ea1a9d10a924cc80"}
}
