TN:
SF:/Users/ibidaporasheed/Documents/send-it-react/src/components/footer/Footer.jsx
FN:5,(anonymous_0)
FNF:1
FNH:1
FNDA:1,(anonymous_0)
DA:5,1
DA:6,1
LF:2
LH:2
BRF:0
BRH:0
end_of_record
TN:
SF:/Users/ibidaporasheed/Documents/send-it-react/src/components/header/Header.jsx
FN:15,(anonymous_0)
FN:15,(anonymous_1)
FN:16,(anonymous_2)
FN:22,(anonymous_3)
FN:70,(anonymous_4)
FNF:5
FNH:4
FNDA:1,(anonymous_0)
FNDA:1,(anonymous_1)
FNDA:1,(anonymous_2)
FNDA:4,(anonymous_3)
FNDA:0,(anonymous_4)
DA:15,1
DA:17,1
DA:18,1
DA:19,1
DA:23,4
DA:25,4
DA:64,1
DA:70,1
DA:71,1
LF:9
LH:9
BRDA:26,0,0,1
BRDA:26,0,1,3
BRDA:27,1,0,1
BRDA:27,1,1,3
BRDA:28,2,0,4
BRDA:28,2,1,3
BRDA:33,3,0,1
BRDA:33,3,1,2
BRDA:44,4,0,4
BRDA:44,4,1,1
BRDA:50,5,0,1
BRDA:50,5,1,3
BRDA:51,6,0,4
BRDA:51,6,1,3
BRF:14
BRH:14
end_of_record
TN:
SF:/Users/ibidaporasheed/Documents/send-it-react/src/components/home/banner/Banner.jsx
FN:6,(anonymous_0)
FNF:1
FNH:1
FNDA:1,(anonymous_0)
DA:6,1
DA:7,1
LF:2
LH:2
BRF:0
BRH:0
end_of_record
TN:
SF:/Users/ibidaporasheed/Documents/send-it-react/src/components/home/content/Content.jsx
FN:9,(anonymous_0)
FNF:1
FNH:1
FNDA:1,(anonymous_0)
DA:9,1
DA:10,1
LF:2
LH:2
BRF:0
BRH:0
end_of_record
TN:
SF:/Users/ibidaporasheed/Documents/send-it-react/src/components/home/form/Form.jsx
FN:17,(anonymous_0)
FN:17,(anonymous_1)
FN:18,(anonymous_2)
FN:18,(anonymous_3)
FN:20,(anonymous_4)
FN:31,(anonymous_5)
FNF:6
FNH:6
FNDA:4,(anonymous_0)
FNDA:4,(anonymous_1)
FNDA:4,(anonymous_2)
FNDA:4,(anonymous_3)
FNDA:3,(anonymous_4)
FNDA:12,(anonymous_5)
DA:17,4
DA:18,4
DA:21,3
DA:22,3
DA:24,3
DA:25,2
DA:26,1
DA:28,1
DA:35,12
DA:37,12
DA:63,4
LF:11
LH:11
BRDA:24,0,0,1
BRDA:24,0,1,2
BRDA:25,1,0,1
BRDA:25,1,1,1
BRF:4
BRH:4
end_of_record
TN:
SF:/Users/ibidaporasheed/Documents/send-it-react/src/components/home/form/LoginForm.jsx
FN:11,(anonymous_0)
FN:12,(anonymous_1)
FN:36,(anonymous_2)
FNF:3
FNH:2
FNDA:2,(anonymous_0)
FNDA:2,(anonymous_1)
FNDA:0,(anonymous_2)
DA:11,2
DA:12,2
DA:13,2
DA:15,1
DA:17,0
DA:19,0
DA:20,0
DA:21,0
DA:24,2
DA:29,2
DA:36,2
DA:37,2
LF:12
LH:8
BRDA:13,0,0,1
BRDA:13,0,1,1
BRDA:17,1,0,0
BRDA:17,1,1,0
BRF:4
BRH:2
end_of_record
TN:
SF:/Users/ibidaporasheed/Documents/send-it-react/src/components/home/form/RegisterForm.jsx
FN:11,(anonymous_0)
FN:12,(anonymous_1)
FN:35,(anonymous_2)
FNF:3
FNH:2
FNDA:2,(anonymous_0)
FNDA:2,(anonymous_1)
FNDA:0,(anonymous_2)
DA:11,2
DA:12,2
DA:13,2
DA:15,1
DA:17,0
DA:18,0
DA:19,0
DA:20,0
DA:23,2
DA:28,2
DA:35,2
DA:36,2
LF:12
LH:8
BRDA:13,0,0,1
BRDA:13,0,1,1
BRDA:17,1,0,0
BRDA:17,1,1,0
BRF:4
BRH:2
end_of_record
TN:
SF:/Users/ibidaporasheed/Documents/send-it-react/src/components/tab-contents/TabContents.jsx
FN:6,(anonymous_0)
FNF:1
FNH:1
FNDA:1,(anonymous_0)
DA:6,2
DA:7,1
DA:14,2
LF:3
LH:3
BRF:0
BRH:0
end_of_record
TN:
SF:/Users/ibidaporasheed/Documents/send-it-react/src/redux/actions/auth.js
FN:9,(anonymous_0)
FN:9,(anonymous_1)
FN:25,(anonymous_2)
FN:25,(anonymous_3)
FN:41,(anonymous_4)
FN:41,(anonymous_5)
FNF:6
FNH:6
FNDA:2,(anonymous_0)
FNDA:2,(anonymous_1)
FNDA:2,(anonymous_2)
FNDA:2,(anonymous_3)
FNDA:1,(anonymous_4)
FNDA:1,(anonymous_5)
DA:7,5
DA:9,5
DA:10,2
DA:12,2
DA:15,2
DA:17,1
DA:18,1
DA:19,1
DA:21,1
DA:25,5
DA:26,2
DA:28,2
DA:31,2
DA:33,1
DA:34,1
DA:35,1
DA:37,1
DA:41,5
DA:42,1
DA:43,1
LF:20
LH:20
BRDA:20,0,0,1
BRDA:21,1,0,1
BRDA:21,1,1,1
BRDA:36,2,0,1
BRDA:37,3,0,1
BRDA:37,3,1,1
BRF:6
BRH:6
end_of_record
TN:
SF:/Users/ibidaporasheed/Documents/send-it-react/src/redux/actions/parcels.js
FN:10,(anonymous_0)
FN:10,(anonymous_1)
FN:24,(anonymous_2)
FN:24,(anonymous_3)
FN:35,(anonymous_4)
FN:35,(anonymous_5)
FN:46,(anonymous_6)
FN:46,(anonymous_7)
FN:61,(anonymous_8)
FN:61,(anonymous_9)
FN:72,(anonymous_10)
FN:72,(anonymous_11)
FN:87,(anonymous_12)
FN:87,(anonymous_13)
FNF:14
FNH:14
FNDA:2,(anonymous_0)
FNDA:2,(anonymous_1)
FNDA:2,(anonymous_2)
FNDA:2,(anonymous_3)
FNDA:2,(anonymous_4)
FNDA:2,(anonymous_5)
FNDA:2,(anonymous_6)
FNDA:2,(anonymous_7)
FNDA:2,(anonymous_8)
FNDA:2,(anonymous_9)
FNDA:2,(anonymous_10)
FNDA:2,(anonymous_11)
FNDA:2,(anonymous_12)
FNDA:2,(anonymous_13)
DA:8,1
DA:10,2
DA:11,2
DA:13,2
DA:16,2
DA:17,1
DA:18,1
DA:20,1
DA:24,2
DA:25,2
DA:26,2
DA:28,1
DA:29,1
DA:31,1
DA:35,2
DA:36,2
DA:37,2
DA:39,1
DA:40,1
DA:42,1
DA:46,2
DA:47,2
DA:49,2
DA:52,2
DA:54,1
DA:55,1
DA:57,1
DA:61,2
DA:62,2
DA:63,2
DA:65,1
DA:66,1
DA:68,1
DA:72,2
DA:73,2
DA:75,2
DA:78,2
DA:80,1
DA:81,1
DA:83,1
DA:87,2
DA:88,2
DA:91,2
DA:93,1
DA:94,1
DA:96,1
LF:46
LH:46
BRDA:19,0,0,1
BRDA:20,1,0,1
BRDA:20,1,1,1
BRDA:30,2,0,1
BRDA:31,3,0,1
BRDA:31,3,1,1
BRDA:41,4,0,1
BRDA:42,5,0,1
BRDA:42,5,1,1
BRDA:56,6,0,1
BRDA:57,7,0,1
BRDA:57,7,1,1
BRDA:67,8,0,1
BRDA:68,9,0,1
BRDA:68,9,1,1
BRDA:82,10,0,1
BRDA:83,11,0,1
BRDA:83,11,1,1
BRDA:95,12,0,1
BRDA:96,13,0,1
BRDA:96,13,1,1
BRF:21
BRH:21
end_of_record
TN:
SF:/Users/ibidaporasheed/Documents/send-it-react/src/redux/actions/profile.js
FN:8,(anonymous_0)
FN:8,(anonymous_1)
FN:15,(anonymous_2)
FN:15,(anonymous_3)
FN:33,(anonymous_4)
FN:33,(anonymous_5)
FNF:6
FNH:6
FNDA:1,(anonymous_0)
FNDA:1,(anonymous_1)
FNDA:2,(anonymous_2)
FNDA:2,(anonymous_3)
FNDA:1,(anonymous_4)
FNDA:1,(anonymous_5)
DA:6,5
DA:8,5
DA:9,1
DA:15,5
DA:16,2
DA:18,2
DA:21,2
DA:23,1
DA:27,1
DA:29,1
DA:33,5
DA:34,1
LF:12
LH:12
BRDA:28,0,0,1
BRDA:29,1,0,1
BRDA:29,1,1,1
BRF:3
BRH:3
end_of_record
TN:
SF:/Users/ibidaporasheed/Documents/send-it-react/src/redux/actions/types.js
FNF:0
FNH:0
DA:1,10
DA:2,10
DA:3,10
DA:4,10
DA:5,10
DA:6,10
DA:7,10
DA:8,10
DA:9,10
DA:10,10
DA:11,10
DA:12,10
LF:12
LH:12
BRF:0
BRH:0
end_of_record
TN:
SF:/Users/ibidaporasheed/Documents/send-it-react/src/redux/reducers/auth.js
FN:5,(anonymous_0)
FNF:1
FNH:1
FNDA:4,(anonymous_0)
DA:3,1
DA:6,4
DA:8,4
DA:11,2
DA:14,1
DA:17,1
LF:6
LH:6
BRDA:5,0,0,1
BRDA:8,1,0,1
BRDA:8,1,1,2
BRDA:8,1,2,1
BRDA:8,1,3,1
BRF:5
BRH:5
end_of_record
TN:
SF:/Users/ibidaporasheed/Documents/send-it-react/src/redux/reducers/parcels.js
FN:8,(anonymous_0)
FN:21,(anonymous_1)
FNF:2
FNH:2
FNDA:7,(anonymous_0)
FNDA:12,(anonymous_1)
DA:6,1
DA:9,7
DA:10,7
DA:12,1
DA:15,1
DA:21,12
DA:24,1
LF:7
LH:7
BRDA:8,0,0,1
BRDA:10,1,0,1
BRDA:10,1,1,1
BRDA:10,1,2,1
BRDA:10,1,3,2
BRDA:10,1,4,3
BRDA:10,1,5,4
BRDA:10,1,6,1
BRDA:21,2,0,0
BRDA:21,2,1,12
BRF:10
BRH:9
end_of_record
TN:
SF:/Users/ibidaporasheed/Documents/send-it-react/src/redux/reducers/profile.js
FN:5,(anonymous_0)
FNF:1
FNH:1
FNDA:4,(anonymous_0)
DA:3,1
DA:6,4
DA:7,4
DA:9,1
DA:12,1
DA:15,1
DA:18,1
LF:7
LH:7
BRDA:5,0,0,1
BRDA:7,1,0,1
BRDA:7,1,1,1
BRDA:7,1,2,1
BRDA:7,1,3,1
BRF:5
BRH:5
end_of_record
TN:
SF:/Users/ibidaporasheed/Documents/send-it-react/src/tests/mock-data/auths.js
FNF:0
FNH:0
DA:1,1
DA:2,1
LF:2
LH:2
BRF:0
BRH:0
end_of_record
TN:
SF:/Users/ibidaporasheed/Documents/send-it-react/src/tests/mock-data/parcels.js
FNF:0
FNH:0
DA:1,2
DA:11,2
LF:2
LH:2
BRF:0
BRH:0
end_of_record
TN:
SF:/Users/ibidaporasheed/Documents/send-it-react/src/tests/mock-data/users.js
FNF:0
FNH:0
LF:0
LH:0
BRF:0
BRH:0
end_of_record
TN:
SF:/Users/ibidaporasheed/Documents/send-it-react/src/utils/axiosConfig.js
FN:3,(anonymous_0)
FN:4,(anonymous_1)
FN:7,(anonymous_2)
FNF:3
FNH:2
FNDA:20,(anonymous_0)
FNDA:20,(anonymous_1)
FNDA:0,(anonymous_2)
DA:3,7
DA:4,20
DA:5,20
DA:8,0
LF:4
LH:3
BRF:0
BRH:0
end_of_record
TN:
SF:/Users/ibidaporasheed/Documents/send-it-react/src/utils/escapeInputs.js
FN:3,(anonymous_0)
FN:4,(anonymous_1)
FNF:2
FNH:2
FNDA:12,(anonymous_0)
FNDA:56,(anonymous_1)
DA:3,7
DA:4,56
LF:2
LH:2
BRF:0
BRH:0
end_of_record
TN:
SF:/Users/ibidaporasheed/Documents/send-it-react/src/utils/toastOptions.js
FNF:0
FNH:0
LF:0
LH:0
BRF:0
BRH:0
end_of_record
